#
# A fatal error has been detected by the Java Runtime Environment:
#
#  EXCEPTION_ACCESS_VIOLATION (0xc0000005) at pc=0x0000000000000004, pid=17620, tid=22228
#
# JRE version: OpenJDK Runtime Environment (11.0.5+10) (build 11.0.5+10-b520.38)
# Java VM: OpenJDK 64-Bit Server VM (11.0.5+10-b520.38, mixed mode, sharing, tiered, compressed oops, g1 gc, windows-amd64)
# Problematic frame:
# C  0x0000000000000004
#
# No core dump will be written. Minidumps are not enabled by default on client versions of Windows
#
# If you would like to submit a bug report, please visit:
#   http://bugreport.java.com/bugreport/crash.jsp
#

---------------  S U M M A R Y ------------

Command Line: -XX:TieredStopAtLevel=1 -Xverify:none -Dspring.output.ansi.enabled=always -Dcom.sun.management.jmxremote -Dspring.jmx.enabled=true -Dspring.liveBeansView.mbeanDomain -Dspring.application.admin.enabled=true -javaagent:E:\Intellij Idea Ultimate\IntelliJ IDEA 2019.3.3\lib\idea_rt.jar=62647:E:\Intellij Idea Ultimate\IntelliJ IDEA 2019.3.3\bin -Dfile.encoding=UTF-8 com.simple.HotelApp.HotelAppApplication

Host: Intel(R) Core(TM) i5-5200U CPU @ 2.20GHz, 4 cores, 7G,  Windows 10 , 64 bit Build 18362 (10.0.18362.900)
Time: Sun Jun 28 20:23:52 2020 ?rodkowoeuropejski czas letni elapsed time: 7 seconds (0d 0h 0m 7s)

---------------  T H R E A D  ---------------

Current thread (0x0000012a37774800):  GCTaskThread "GC Thread#3" [stack: 0x000000294e700000,0x000000294e800000] [id=22228]

Stack: [0x000000294e700000,0x000000294e800000],  sp=0x000000294e7ff748,  free space=1021k
Native frames: (J=compiled Java code, j=interpreted, Vv=VM code, C=native code)
C  0x0000000000000004


siginfo: EXCEPTION_ACCESS_VIOLATION (0xc0000005), data execution prevention violation at address 0x0000000000000004


Register to memory mapping:

RIP=0x0000000000000004 is an unknown value
RAX=0x00000000000000e2 is an unknown value
RBX=0x0000000086811c01 points into unknown readable memory: 00 00 00 00 00 00 00
RCX=0x0000012a3829d270 points into unknown readable memory: 40 fe 5c 5c ff 7f 00 00
RDX=0x0000000086811e18 points into unknown readable memory: 08 c0 89 81 00 00 00 00
RSP=0x000000294e7ff748 points into unknown readable memory: 18 c7 0b 5c ff 7f 00 00
RBP=0x000000008189c008 points into unknown readable memory: 11 00 00 00 00 00 00 00
RSI=0x0000012a3829d100 points into unknown readable memory: 88 fe 5c 5c ff 7f 00 00
RDI=0x0000000086811e18 points into unknown readable memory: 08 c0 89 81 00 00 00 00
R8 =0x0000000800000000 is pointing into metadata
R9 =0x00007fff5c740430 jvm.dll
R10=0x0000000084cfe880 points into unknown readable memory: 1b 1e 81 86 00 00 00 00
R11=0x0000000086811e18 points into unknown readable memory: 08 c0 89 81 00 00 00 00
R12=0x0000000000000009 is an unknown value
R13=0x0 is NULL
R14=0x0000000000000001 is an unknown value
R15=0x0000000084cfe880 points into unknown readable memory: 1b 1e 81 86 00 00 00 00


Registers:
RAX=0x00000000000000e2, RBX=0x0000000086811c01, RCX=0x0000012a3829d270, RDX=0x0000000086811e18
RSP=0x000000294e7ff748, RBP=0x000000008189c008, RSI=0x0000012a3829d100, RDI=0x0000000086811e18
R8 =0x0000000800000000, R9 =0x00007fff5c740430, R10=0x0000000084cfe880, R11=0x0000000086811e18
R12=0x0000000000000009, R13=0x0000000000000000, R14=0x0000000000000001, R15=0x0000000084cfe880
RIP=0x0000000000000004, EFLAGS=0x0000000000010206

Top of Stack: (sp=0x000000294e7ff748)
0x000000294e7ff748:   00007fff5c0bc718 0000000086811c01
0x000000294e7ff758:   0000012a3829d100 0000012a3829d100
0x000000294e7ff768:   00007fff5c08d0ce 0000012a1a182510
0x000000294e7ff778:   0000000081510600 000000063829d270
0x000000294e7ff788:   000000008189c008 0000000000000001
0x000000294e7ff798:   0000012a3829d100 0000000000000040
0x000000294e7ff7a8:   0000012a1a182518 0000000000000000
0x000000294e7ff7b8:   0000012a3829d100 000000294e7ffa01
0x000000294e7ff7c8:   00007fff5c08df62 0000012a3829d100
0x000000294e7ff7d8:   00007fff5c090e01 0000000000000514
0x000000294e7ff7e8:   0000000086811cfc 0000012a1a182510
0x000000294e7ff7f8:   00007fff5c0ba905 000000000000141d
0x000000294e7ff808:   000000000000140b 000000294e7ffa01
0x000000294e7ff818:   00007fff5c0c95e6 000000008152b0e8
0x000000294e7ff828:   00000008002a33d8 0000000000000000
0x000000294e7ff838:   00007fff5c396f6f 000000294e7ff8e0 

Instructions: (pc=0x0000000000000004)
0xffffffffffffff04:   


Stack slot to memory mapping:
stack at sp + 0 slots: 0x00007fff5c0bc718 jvm.dll
stack at sp + 1 slots: 0x0000000086811c01 points into unknown readable memory: 00 00 00 00 00 00 00
stack at sp + 2 slots: 0x0000012a3829d100 points into unknown readable memory: 88 fe 5c 5c ff 7f 00 00
stack at sp + 3 slots: 0x0000012a3829d100 points into unknown readable memory: 88 fe 5c 5c ff 7f 00 00
stack at sp + 4 slots: 0x00007fff5c08d0ce jvm.dll
stack at sp + 5 slots: 0x0000012a1a182510 points into unknown readable memory: 1d 14 00 00 00 00 00 00
stack at sp + 6 slots: 0x0000000081510600 points into unknown readable memory: 05 00 00 00 00 00 00 00
stack at sp + 7 slots: 0x000000063829d270 is an unknown value


---------------  P R O C E S S  ---------------

Threads class SMR info:
_java_thread_list=0x0000012a37959790, length=32, elements={
0x0000012a1c387000, 0x0000012a36457800, 0x0000012a36458800, 0x0000012a36478000,
0x0000012a36479000, 0x0000012a3647a000, 0x0000012a3647b800, 0x0000012a36433800,
0x0000012a37141800, 0x0000012a37148000, 0x0000012a37335800, 0x0000012a3743f000,
0x0000012a37460000, 0x0000012a384df800, 0x0000012a384e1000, 0x0000012a384e3800,
0x0000012a384dd800, 0x0000012a384e0000, 0x0000012a384e2000, 0x0000012a384e2800,
0x0000012a384e4800, 0x0000012a384de800, 0x0000012a37238800, 0x0000012a3723b800,
0x0000012a3723f000, 0x0000012a3723e000, 0x0000012a37239000, 0x0000012a3723f800,
0x0000012a3723a000, 0x0000012a3723c800, 0x0000012a37240800, 0x0000012a3723d000
}

Java Threads: ( => current thread )
  0x0000012a1c387000 JavaThread "main" [_thread_blocked, id=26476, stack(0x000000294d100000,0x000000294d200000)]
  0x0000012a36457800 JavaThread "Reference Handler" daemon [_thread_blocked, id=15520, stack(0x000000294d800000,0x000000294d900000)]
  0x0000012a36458800 JavaThread "Finalizer" daemon [_thread_blocked, id=14804, stack(0x000000294d900000,0x000000294da00000)]
  0x0000012a36478000 JavaThread "Signal Dispatcher" daemon [_thread_blocked, id=18152, stack(0x000000294da00000,0x000000294db00000)]
  0x0000012a36479000 JavaThread "Attach Listener" daemon [_thread_blocked, id=5012, stack(0x000000294db00000,0x000000294dc00000)]
  0x0000012a3647a000 JavaThread "C1 CompilerThread0" daemon [_thread_blocked, id=4312, stack(0x000000294dc00000,0x000000294dd00000)]
  0x0000012a3647b800 JavaThread "Sweeper thread" daemon [_thread_blocked, id=13700, stack(0x000000294dd00000,0x000000294de00000)]
  0x0000012a36433800 JavaThread "Common-Cleaner" daemon [_thread_blocked, id=19992, stack(0x000000294de00000,0x000000294df00000)]
  0x0000012a37141800 JavaThread "Monitor Ctrl-Break" daemon [_thread_in_native, id=25860, stack(0x000000294df00000,0x000000294e000000)]
  0x0000012a37148000 JavaThread "Service Thread" daemon [_thread_blocked, id=26308, stack(0x000000294e000000,0x000000294e100000)]
  0x0000012a37335800 JavaThread "RMI TCP Accept-0" daemon [_thread_in_native, id=20064, stack(0x000000294e100000,0x000000294e200000)]
  0x0000012a3743f000 JavaThread "RMI TCP Connection(idle)" daemon [_thread_blocked, id=5160, stack(0x000000294e600000,0x000000294e700000)]
  0x0000012a37460000 JavaThread "RMI Scheduler(0)" daemon [_thread_blocked, id=19592, stack(0x000000294e800000,0x000000294e900000)]
  0x0000012a384df800 JavaThread "Catalina-utility-1" [_thread_blocked, id=25484, stack(0x000000294e900000,0x000000294ea00000)]
  0x0000012a384e1000 JavaThread "Catalina-utility-2" [_thread_blocked, id=25944, stack(0x000000294ea00000,0x000000294eb00000)]
  0x0000012a384e3800 JavaThread "container-0" [_thread_blocked, id=17596, stack(0x000000294eb00000,0x000000294ec00000)]
  0x0000012a384dd800 JavaThread "task-1" [_thread_blocked, id=26192, stack(0x000000294ec00000,0x000000294ed00000)]
  0x0000012a384e0000 JavaThread "PostgreSQL-JDBC-SharedTimer-1" daemon [_thread_blocked, id=26424, stack(0x000000294ee00000,0x000000294ef00000)]
  0x0000012a384e2000 JavaThread "HikariPool-1 housekeeper" daemon [_thread_blocked, id=25904, stack(0x000000294ef00000,0x000000294f000000)]
  0x0000012a384e2800 JavaThread "http-nio-8080-BlockPoller" daemon [_thread_in_native, id=26400, stack(0x000000294f000000,0x000000294f100000)]
  0x0000012a384e4800 JavaThread "http-nio-8080-exec-1" daemon [_thread_blocked, id=19632, stack(0x000000294f100000,0x000000294f200000)]
  0x0000012a384de800 JavaThread "http-nio-8080-exec-2" daemon [_thread_blocked, id=26428, stack(0x000000294f200000,0x000000294f300000)]
  0x0000012a37238800 JavaThread "http-nio-8080-exec-3" daemon [_thread_blocked, id=21368, stack(0x000000294f300000,0x000000294f400000)]
  0x0000012a3723b800 JavaThread "http-nio-8080-exec-4" daemon [_thread_blocked, id=25560, stack(0x000000294f400000,0x000000294f500000)]
  0x0000012a3723f000 JavaThread "http-nio-8080-exec-5" daemon [_thread_blocked, id=26396, stack(0x000000294f500000,0x000000294f600000)]
  0x0000012a3723e000 JavaThread "http-nio-8080-exec-6" daemon [_thread_blocked, id=25048, stack(0x000000294f600000,0x000000294f700000)]
  0x0000012a37239000 JavaThread "http-nio-8080-exec-7" daemon [_thread_blocked, id=26500, stack(0x000000294f700000,0x000000294f800000)]
  0x0000012a3723f800 JavaThread "http-nio-8080-exec-8" daemon [_thread_blocked, id=26364, stack(0x000000294f800000,0x000000294f900000)]
  0x0000012a3723a000 JavaThread "http-nio-8080-exec-9" daemon [_thread_blocked, id=24624, stack(0x000000294f900000,0x000000294fa00000)]
  0x0000012a3723c800 JavaThread "http-nio-8080-exec-10" daemon [_thread_blocked, id=24828, stack(0x000000294fa00000,0x000000294fb00000)]
  0x0000012a37240800 JavaThread "http-nio-8080-ClientPoller" daemon [_thread_in_native, id=24744, stack(0x000000294fb00000,0x000000294fc00000)]
  0x0000012a3723d000 JavaThread "http-nio-8080-Acceptor" daemon [_thread_in_native, id=20348, stack(0x000000294fc00000,0x000000294fd00000)]

Other Threads:
  0x0000012a3644f000 VMThread "VM Thread" [stack: 0x000000294d700000,0x000000294d800000] [id=15680]
  0x0000012a3731a000 WatcherThread [stack: 0x000000294e200000,0x000000294e300000] [id=2508]
  0x0000012a1c3a1800 GCTaskThread "GC Thread#0" [stack: 0x000000294d200000,0x000000294d300000] [id=25924]
  0x0000012a3741a000 GCTaskThread "GC Thread#1" [stack: 0x000000294e300000,0x000000294e400000] [id=12256]
  0x0000012a3741a800 GCTaskThread "GC Thread#2" [stack: 0x000000294e400000,0x000000294e500000] [id=26304]
=>0x0000012a37774800 GCTaskThread "GC Thread#3" [stack: 0x000000294e700000,0x000000294e800000] [id=22228]
  0x0000012a1c3d0000 ConcurrentGCThread "G1 Main Marker" [stack: 0x000000294d300000,0x000000294d400000] [id=2952]
  0x0000012a1c3d1800 ConcurrentGCThread "G1 Conc#0" [stack: 0x000000294d400000,0x000000294d500000] [id=17076]
  0x0000012a1c44e000 ConcurrentGCThread "G1 Refine#0" [stack: 0x000000294d500000,0x000000294d600000] [id=804]
  0x0000012a37324800 ConcurrentGCThread "G1 Refine#1" [stack: 0x000000294e500000,0x000000294e600000] [id=24452]
  0x0000012a362e6800 ConcurrentGCThread "G1 Young RemSet Sampling" [stack: 0x000000294d600000,0x000000294d700000] [id=3988]

Threads with active compile tasks:
C1 CompilerThread0   7374 3932       1       org.springframework.beans.factory.config.DependencyDescriptor::isEager (5 bytes)

VM state:at safepoint (normal execution)

VM Mutex/Monitor currently owned by a thread:  ([mutex/lock_event])
[0x0000012a1c383860] Threads_lock - owner thread: 0x0000012a3644f000
[0x0000012a1c384550] Heap_lock - owner thread: 0x0000012a384dd800

Heap address: 0x0000000081400000, size: 2028 MB, Compressed Oops mode: 32-bit
Narrow klass base: 0x0000000800000000, Narrow klass shift: 3
Compressed class space size: 1073741824 Address: 0x0000000840000000

Heap:
 garbage-first heap   total 157696K, used 78093K [0x0000000081400000, 0x0000000100000000)
  region size 1024K, 71 young (72704K), 10 survivors (10240K)
 Metaspace       used 34352K, capacity 35738K, committed 35888K, reserved 1079296K
  class space    used 4699K, capacity 5240K, committed 5248K, reserved 1048576K
Heap Regions: E=young(eden), S=young(survivor), O=old, HS=humongous(starts), HC=humongous(continues), CS=collection set, F=free, A=archive, TAMS=top-at-mark-start (previous, next)
|   0|0x0000000081400000, 0x0000000081500000, 0x0000000081500000|100%|HS|  |TAMS 0x0000000081500000, 0x0000000081500000| Complete 
|   1|0x0000000081500000, 0x0000000081600000, 0x0000000081600000|100%| O|  |TAMS 0x0000000081600000, 0x0000000081600000| Untracked 
|   2|0x0000000081600000, 0x0000000081700000, 0x0000000081700000|100%| O|  |TAMS 0x0000000081700000, 0x0000000081700000| Untracked 
|   3|0x0000000081700000, 0x0000000081800000, 0x0000000081800000|100%| O|  |TAMS 0x0000000081800000, 0x0000000081800000| Untracked 
|   4|0x0000000081800000, 0x0000000081900000, 0x0000000081900000|100%| O|  |TAMS 0x0000000081900000, 0x0000000081900000| Untracked 
|   5|0x0000000081900000, 0x0000000081a00000, 0x0000000081a00000|100%| O|  |TAMS 0x0000000081a00000, 0x0000000081a00000| Untracked 
|   6|0x0000000081a00000, 0x0000000081b00000, 0x0000000081b00000|100%| O|  |TAMS 0x0000000081a8ae00, 0x0000000081b00000| Untracked 
|   7|0x0000000081b00000, 0x0000000081c00000, 0x0000000081c00000|100%| O|  |TAMS 0x0000000081b00000, 0x0000000081c00000| Untracked 
|   8|0x0000000081c00000, 0x0000000081d00000, 0x0000000081d00000|100%| O|  |TAMS 0x0000000081c00000, 0x0000000081d00000| Untracked 
|   9|0x0000000081d00000, 0x0000000081d089d0, 0x0000000081e00000|  3%| O|  |TAMS 0x0000000081d00000, 0x0000000081e00000| Untracked 
|  10|0x0000000081e00000, 0x0000000081e00000, 0x0000000081f00000|  0%| F|  |TAMS 0x0000000081e00000, 0x0000000081e00000| Untracked 
|  11|0x0000000081f00000, 0x0000000081f00000, 0x0000000082000000|  0%| F|  |TAMS 0x0000000081f00000, 0x0000000081f00000| Untracked 
|  12|0x0000000082000000, 0x0000000082000000, 0x0000000082100000|  0%| F|  |TAMS 0x0000000082000000, 0x0000000082000000| Untracked 
|  13|0x0000000082100000, 0x0000000082100000, 0x0000000082200000|  0%| F|  |TAMS 0x0000000082100000, 0x0000000082100000| Untracked 
|  14|0x0000000082200000, 0x0000000082200000, 0x0000000082300000|  0%| F|  |TAMS 0x0000000082200000, 0x0000000082200000| Untracked 
|  15|0x0000000082300000, 0x0000000082300000, 0x0000000082400000|  0%| F|  |TAMS 0x0000000082300000, 0x0000000082300000| Untracked 
|  16|0x0000000082400000, 0x0000000082400000, 0x0000000082500000|  0%| F|  |TAMS 0x0000000082400000, 0x0000000082400000| Untracked 
|  17|0x0000000082500000, 0x0000000082500000, 0x0000000082600000|  0%| F|  |TAMS 0x0000000082500000, 0x0000000082500000| Untracked 
|  18|0x0000000082600000, 0x0000000082600000, 0x0000000082700000|  0%| F|  |TAMS 0x0000000082600000, 0x0000000082600000| Untracked 
|  19|0x0000000082700000, 0x0000000082700000, 0x0000000082800000|  0%| F|  |TAMS 0x0000000082700000, 0x0000000082700000| Untracked 
|  20|0x0000000082800000, 0x0000000082800000, 0x0000000082900000|  0%| F|  |TAMS 0x0000000082800000, 0x0000000082800000| Untracked 
|  21|0x0000000082900000, 0x0000000082900000, 0x0000000082a00000|  0%| F|  |TAMS 0x0000000082900000, 0x0000000082900000| Untracked 
|  22|0x0000000082a00000, 0x0000000082a00000, 0x0000000082b00000|  0%| F|  |TAMS 0x0000000082a00000, 0x0000000082a00000| Untracked 
|  23|0x0000000082b00000, 0x0000000082b00000, 0x0000000082c00000|  0%| F|  |TAMS 0x0000000082b00000, 0x0000000082b00000| Untracked 
|  24|0x0000000082c00000, 0x0000000082c00000, 0x0000000082d00000|  0%| F|  |TAMS 0x0000000082c00000, 0x0000000082c00000| Untracked 
|  25|0x0000000082d00000, 0x0000000082d00000, 0x0000000082e00000|  0%| F|  |TAMS 0x0000000082d00000, 0x0000000082d00000| Untracked 
|  26|0x0000000082e00000, 0x0000000082e00000, 0x0000000082f00000|  0%| F|  |TAMS 0x0000000082e00000, 0x0000000082e00000| Untracked 
|  27|0x0000000082f00000, 0x0000000082f00000, 0x0000000083000000|  0%| F|  |TAMS 0x0000000082f00000, 0x0000000082f00000| Untracked 
|  28|0x0000000083000000, 0x0000000083000000, 0x0000000083100000|  0%| F|  |TAMS 0x0000000083000000, 0x0000000083000000| Untracked 
|  29|0x0000000083100000, 0x0000000083100000, 0x0000000083200000|  0%| F|  |TAMS 0x0000000083100000, 0x0000000083100000| Untracked 
|  30|0x0000000083200000, 0x0000000083200000, 0x0000000083300000|  0%| F|  |TAMS 0x0000000083200000, 0x0000000083200000| Untracked 
|  31|0x0000000083300000, 0x0000000083300000, 0x0000000083400000|  0%| F|  |TAMS 0x0000000083300000, 0x0000000083300000| Untracked 
|  32|0x0000000083400000, 0x0000000083400000, 0x0000000083500000|  0%| F|  |TAMS 0x0000000083400000, 0x0000000083400000| Untracked 
|  33|0x0000000083500000, 0x0000000083500000, 0x0000000083600000|  0%| F|  |TAMS 0x0000000083500000, 0x0000000083500000| Untracked 
|  34|0x0000000083600000, 0x0000000083600000, 0x0000000083700000|  0%| F|  |TAMS 0x0000000083600000, 0x0000000083600000| Untracked 
|  35|0x0000000083700000, 0x0000000083700000, 0x0000000083800000|  0%| F|  |TAMS 0x0000000083700000, 0x0000000083700000| Untracked 
|  36|0x0000000083800000, 0x0000000083800000, 0x0000000083900000|  0%| F|  |TAMS 0x0000000083800000, 0x0000000083800000| Untracked 
|  37|0x0000000083900000, 0x0000000083900000, 0x0000000083a00000|  0%| F|  |TAMS 0x0000000083900000, 0x0000000083900000| Untracked 
|  38|0x0000000083a00000, 0x0000000083a00000, 0x0000000083b00000|  0%| F|  |TAMS 0x0000000083a00000, 0x0000000083a00000| Untracked 
|  39|0x0000000083b00000, 0x0000000083b00000, 0x0000000083c00000|  0%| F|  |TAMS 0x0000000083b00000, 0x0000000083b00000| Untracked 
|  40|0x0000000083c00000, 0x0000000083c00000, 0x0000000083d00000|  0%| F|  |TAMS 0x0000000083c00000, 0x0000000083c00000| Untracked 
|  41|0x0000000083d00000, 0x0000000083d00000, 0x0000000083e00000|  0%| F|  |TAMS 0x0000000083d00000, 0x0000000083d00000| Untracked 
|  42|0x0000000083e00000, 0x0000000083e00000, 0x0000000083f00000|  0%| F|  |TAMS 0x0000000083e00000, 0x0000000083e00000| Untracked 
|  43|0x0000000083f00000, 0x0000000083f00000, 0x0000000084000000|  0%| F|  |TAMS 0x0000000083f00000, 0x0000000083f00000| Untracked 
|  44|0x0000000084000000, 0x0000000084000000, 0x0000000084100000|  0%| F|  |TAMS 0x0000000084000000, 0x0000000084000000| Untracked 
|  45|0x0000000084100000, 0x0000000084100000, 0x0000000084200000|  0%| F|  |TAMS 0x0000000084100000, 0x0000000084100000| Untracked 
|  46|0x0000000084200000, 0x0000000084200000, 0x0000000084300000|  0%| F|  |TAMS 0x0000000084200000, 0x0000000084200000| Untracked 
|  47|0x0000000084300000, 0x0000000084300000, 0x0000000084400000|  0%| F|  |TAMS 0x0000000084300000, 0x0000000084300000| Untracked 
|  48|0x0000000084400000, 0x0000000084400000, 0x0000000084500000|  0%| F|  |TAMS 0x0000000084400000, 0x0000000084400000| Untracked 
|  49|0x0000000084500000, 0x0000000084500000, 0x0000000084600000|  0%| F|  |TAMS 0x0000000084500000, 0x0000000084500000| Untracked 
|  50|0x0000000084600000, 0x0000000084600000, 0x0000000084700000|  0%| F|  |TAMS 0x0000000084600000, 0x0000000084600000| Untracked 
|  51|0x0000000084700000, 0x0000000084700000, 0x0000000084800000|  0%| F|  |TAMS 0x0000000084700000, 0x0000000084700000| Untracked 
|  52|0x0000000084800000, 0x0000000084800000, 0x0000000084900000|  0%| F|  |TAMS 0x0000000084800000, 0x0000000084800000| Untracked 
|  53|0x0000000084900000, 0x00000000849b8938, 0x0000000084a00000| 72%| E|CS|TAMS 0x0000000084900000, 0x00000000849b8938| Complete 
|  54|0x0000000084a00000, 0x0000000084b00000, 0x0000000084b00000|100%| E|CS|TAMS 0x0000000084a00000, 0x0000000084b00000| Complete 
|  55|0x0000000084b00000, 0x0000000084c00000, 0x0000000084c00000|100%| E|CS|TAMS 0x0000000084b00000, 0x0000000084c00000| Complete 
|  56|0x0000000084c00000, 0x0000000084d00000, 0x0000000084d00000|100%| E|CS|TAMS 0x0000000084c00000, 0x0000000084d00000| Complete 
|  57|0x0000000084d00000, 0x0000000084d00000, 0x0000000084e00000|  0%| F|  |TAMS 0x0000000084d00000, 0x0000000084d00000| Untracked 
|  58|0x0000000084e00000, 0x0000000084e00000, 0x0000000084f00000|  0%| F|  |TAMS 0x0000000084e00000, 0x0000000084e00000| Untracked 
|  59|0x0000000084f00000, 0x0000000084f00000, 0x0000000085000000|  0%| F|  |TAMS 0x0000000084f00000, 0x0000000084f00000| Untracked 
|  60|0x0000000085000000, 0x0000000085000000, 0x0000000085100000|  0%| F|  |TAMS 0x0000000085000000, 0x0000000085000000| Untracked 
|  61|0x0000000085100000, 0x0000000085100000, 0x0000000085200000|  0%| F|  |TAMS 0x0000000085100000, 0x0000000085100000| Untracked 
|  62|0x0000000085200000, 0x0000000085200000, 0x0000000085300000|  0%| F|  |TAMS 0x0000000085200000, 0x0000000085200000| Untracked 
|  63|0x0000000085300000, 0x0000000085400000, 0x0000000085400000|100%| E|CS|TAMS 0x0000000085300000, 0x0000000085400000| Complete 
|  64|0x0000000085400000, 0x0000000085500000, 0x0000000085500000|100%| E|CS|TAMS 0x0000000085400000, 0x0000000085500000| Complete 
|  65|0x0000000085500000, 0x0000000085600000, 0x0000000085600000|100%| E|CS|TAMS 0x0000000085500000, 0x0000000085600000| Complete 
|  66|0x0000000085600000, 0x0000000085700000, 0x0000000085700000|100%| E|CS|TAMS 0x0000000085600000, 0x0000000085700000| Complete 
|  67|0x0000000085700000, 0x0000000085800000, 0x0000000085800000|100%| E|CS|TAMS 0x0000000085700000, 0x0000000085800000| Complete 
|  68|0x0000000085800000, 0x0000000085800000, 0x0000000085900000|  0%| F|  |TAMS 0x0000000085800000, 0x0000000085800000| Untracked 
|  69|0x0000000085900000, 0x0000000085900000, 0x0000000085a00000|  0%| F|  |TAMS 0x0000000085900000, 0x0000000085900000| Untracked 
|  70|0x0000000085a00000, 0x0000000085a00000, 0x0000000085b00000|  0%| F|  |TAMS 0x0000000085a00000, 0x0000000085a00000| Untracked 
|  71|0x0000000085b00000, 0x0000000085b00000, 0x0000000085c00000|  0%| F|  |TAMS 0x0000000085b00000, 0x0000000085b00000| Untracked 
|  72|0x0000000085c00000, 0x0000000085c00000, 0x0000000085d00000|  0%| F|  |TAMS 0x0000000085c00000, 0x0000000085c00000| Untracked 
|  73|0x0000000085d00000, 0x0000000085d00000, 0x0000000085e00000|  0%| F|  |TAMS 0x0000000085d00000, 0x0000000085d00000| Untracked 
|  74|0x0000000085e00000, 0x0000000085e00000, 0x0000000085f00000|  0%| F|  |TAMS 0x0000000085e00000, 0x0000000085e00000| Untracked 
|  75|0x0000000085f00000, 0x0000000085f00000, 0x0000000086000000|  0%| F|  |TAMS 0x0000000085f00000, 0x0000000085f00000| Untracked 
|  76|0x0000000086000000, 0x0000000086000000, 0x0000000086100000|  0%| F|  |TAMS 0x0000000086000000, 0x0000000086000000| Untracked 
|  77|0x0000000086100000, 0x0000000086100000, 0x0000000086200000|  0%| F|  |TAMS 0x0000000086100000, 0x0000000086100000| Untracked 
|  78|0x0000000086200000, 0x0000000086200000, 0x0000000086300000|  0%| F|  |TAMS 0x0000000086200000, 0x0000000086200000| Untracked 
|  79|0x0000000086300000, 0x0000000086300000, 0x0000000086400000|  0%| F|  |TAMS 0x0000000086300000, 0x0000000086300000| Untracked 
|  80|0x0000000086400000, 0x0000000086400000, 0x0000000086500000|  0%| F|  |TAMS 0x0000000086400000, 0x0000000086400000| Untracked 
|  81|0x0000000086500000, 0x0000000086500000, 0x0000000086600000|  0%| F|  |TAMS 0x0000000086500000, 0x0000000086500000| Untracked 
|  82|0x0000000086600000, 0x0000000086600000, 0x0000000086700000|  0%| F|  |TAMS 0x0000000086600000, 0x0000000086600000| Untracked 
|  83|0x0000000086700000, 0x000000008675cb78, 0x0000000086800000| 36%| S|  |TAMS 0x0000000086700000, 0x0000000086700000| Complete 
|  84|0x0000000086800000, 0x0000000086900000, 0x0000000086900000|100%| S|  |TAMS 0x0000000086800000, 0x0000000086800000| Complete 
|  85|0x0000000086900000, 0x0000000086a00000, 0x0000000086a00000|100%| S|  |TAMS 0x0000000086900000, 0x0000000086900000| Complete 
|  86|0x0000000086a00000, 0x0000000086b00000, 0x0000000086b00000|100%| S|  |TAMS 0x0000000086a00000, 0x0000000086a00000| Complete 
|  87|0x0000000086b00000, 0x0000000086c00000, 0x0000000086c00000|100%| S|  |TAMS 0x0000000086b00000, 0x0000000086b00000| Complete 
|  88|0x0000000086c00000, 0x0000000086d00000, 0x0000000086d00000|100%| S|  |TAMS 0x0000000086c00000, 0x0000000086c00000| Complete 
|  89|0x0000000086d00000, 0x0000000086e00000, 0x0000000086e00000|100%| S|  |TAMS 0x0000000086d00000, 0x0000000086d00000| Complete 
|  90|0x0000000086e00000, 0x0000000086f00000, 0x0000000086f00000|100%| S|  |TAMS 0x0000000086e00000, 0x0000000086e00000| Complete 
|  91|0x0000000086f00000, 0x0000000087000000, 0x0000000087000000|100%| S|  |TAMS 0x0000000086f00000, 0x0000000086f00000| Complete 
|  92|0x0000000087000000, 0x0000000087100000, 0x0000000087100000|100%| S|  |TAMS 0x0000000087000000, 0x0000000087000000| Complete 
|  93|0x0000000087100000, 0x0000000087200000, 0x0000000087200000|100%| E|CS|TAMS 0x0000000087100000, 0x0000000087200000| Complete 
|  94|0x0000000087200000, 0x0000000087300000, 0x0000000087300000|100%| E|CS|TAMS 0x0000000087200000, 0x0000000087300000| Complete 
|  95|0x0000000087300000, 0x0000000087400000, 0x0000000087400000|100%| E|CS|TAMS 0x0000000087300000, 0x0000000087400000| Complete 
|  96|0x0000000087400000, 0x0000000087500000, 0x0000000087500000|100%| E|CS|TAMS 0x0000000087400000, 0x0000000087500000| Complete 
|  97|0x0000000087500000, 0x0000000087600000, 0x0000000087600000|100%| E|CS|TAMS 0x0000000087500000, 0x0000000087600000| Complete 
|  98|0x0000000087600000, 0x0000000087700000, 0x0000000087700000|100%| E|CS|TAMS 0x0000000087600000, 0x0000000087700000| Complete 
|  99|0x0000000087700000, 0x0000000087800000, 0x0000000087800000|100%| E|CS|TAMS 0x0000000087700000, 0x0000000087800000| Complete 
| 100|0x0000000087800000, 0x0000000087900000, 0x0000000087900000|100%| E|CS|TAMS 0x0000000087800000, 0x0000000087900000| Complete 
| 101|0x0000000087900000, 0x0000000087a00000, 0x0000000087a00000|100%| E|CS|TAMS 0x0000000087900000, 0x0000000087a00000| Complete 
| 102|0x0000000087a00000, 0x0000000087b00000, 0x0000000087b00000|100%| E|CS|TAMS 0x0000000087a00000, 0x0000000087b00000| Complete 
| 103|0x0000000087b00000, 0x0000000087c00000, 0x0000000087c00000|100%| E|CS|TAMS 0x0000000087b00000, 0x0000000087c00000| Complete 
| 104|0x0000000087c00000, 0x0000000087d00000, 0x0000000087d00000|100%| E|CS|TAMS 0x0000000087c00000, 0x0000000087d00000| Complete 
| 105|0x0000000087d00000, 0x0000000087e00000, 0x0000000087e00000|100%| E|CS|TAMS 0x0000000087d00000, 0x0000000087e00000| Complete 
| 106|0x0000000087e00000, 0x0000000087f00000, 0x0000000087f00000|100%| E|CS|TAMS 0x0000000087e00000, 0x0000000087f00000| Complete 
| 107|0x0000000087f00000, 0x0000000088000000, 0x0000000088000000|100%| E|CS|TAMS 0x0000000087f00000, 0x0000000088000000| Complete 
| 108|0x0000000088000000, 0x0000000088100000, 0x0000000088100000|100%| E|CS|TAMS 0x0000000088000000, 0x0000000088100000| Complete 
| 109|0x0000000088100000, 0x0000000088200000, 0x0000000088200000|100%| E|CS|TAMS 0x0000000088100000, 0x0000000088200000| Complete 
| 110|0x0000000088200000, 0x0000000088300000, 0x0000000088300000|100%| E|CS|TAMS 0x0000000088200000, 0x0000000088300000| Complete 
| 111|0x0000000088300000, 0x0000000088400000, 0x0000000088400000|100%| E|CS|TAMS 0x0000000088300000, 0x0000000088400000| Complete 
| 112|0x0000000088400000, 0x0000000088500000, 0x0000000088500000|100%| E|CS|TAMS 0x0000000088400000, 0x0000000088500000| Complete 
| 113|0x0000000088500000, 0x0000000088600000, 0x0000000088600000|100%| E|CS|TAMS 0x0000000088500000, 0x0000000088600000| Complete 
| 114|0x0000000088600000, 0x0000000088700000, 0x0000000088700000|100%| E|CS|TAMS 0x0000000088600000, 0x0000000088700000| Complete 
| 115|0x0000000088700000, 0x0000000088800000, 0x0000000088800000|100%| E|CS|TAMS 0x0000000088700000, 0x0000000088800000| Complete 
| 116|0x0000000088800000, 0x0000000088900000, 0x0000000088900000|100%| E|CS|TAMS 0x0000000088800000, 0x0000000088900000| Complete 
| 117|0x0000000088900000, 0x0000000088a00000, 0x0000000088a00000|100%| E|CS|TAMS 0x0000000088900000, 0x0000000088a00000| Complete 
| 118|0x0000000088a00000, 0x0000000088b00000, 0x0000000088b00000|100%| E|CS|TAMS 0x0000000088a00000, 0x0000000088b00000| Complete 
| 119|0x0000000088b00000, 0x0000000088c00000, 0x0000000088c00000|100%| E|CS|TAMS 0x0000000088b00000, 0x0000000088c00000| Complete 
| 120|0x0000000088c00000, 0x0000000088d00000, 0x0000000088d00000|100%| E|CS|TAMS 0x0000000088c00000, 0x0000000088d00000| Complete 
| 121|0x0000000088d00000, 0x0000000088e00000, 0x0000000088e00000|100%| E|CS|TAMS 0x0000000088d00000, 0x0000000088e00000| Complete 
| 122|0x0000000088e00000, 0x0000000088f00000, 0x0000000088f00000|100%| E|CS|TAMS 0x0000000088e00000, 0x0000000088f00000| Complete 
| 123|0x0000000088f00000, 0x0000000089000000, 0x0000000089000000|100%| E|CS|TAMS 0x0000000088f00000, 0x0000000089000000| Complete 
| 124|0x0000000089000000, 0x0000000089100000, 0x0000000089100000|100%| E|CS|TAMS 0x0000000089000000, 0x0000000089100000| Complete 
| 125|0x0000000089100000, 0x0000000089200000, 0x0000000089200000|100%| E|CS|TAMS 0x0000000089100000, 0x0000000089200000| Complete 
| 126|0x0000000089200000, 0x0000000089300000, 0x0000000089300000|100%| E|CS|TAMS 0x0000000089200000, 0x0000000089300000| Complete 
| 127|0x0000000089300000, 0x0000000089400000, 0x0000000089400000|100%| E|CS|TAMS 0x0000000089300000, 0x0000000089400000| Complete 
| 128|0x0000000089400000, 0x0000000089500000, 0x0000000089500000|100%| E|CS|TAMS 0x0000000089400000, 0x0000000089500000| Complete 
| 129|0x0000000089500000, 0x0000000089600000, 0x0000000089600000|100%| E|CS|TAMS 0x0000000089500000, 0x0000000089600000| Complete 
| 130|0x0000000089600000, 0x0000000089700000, 0x0000000089700000|100%| E|CS|TAMS 0x0000000089600000, 0x0000000089700000| Complete 
| 131|0x0000000089700000, 0x0000000089800000, 0x0000000089800000|100%| E|CS|TAMS 0x0000000089700000, 0x0000000089800000| Complete 
| 132|0x0000000089800000, 0x0000000089900000, 0x0000000089900000|100%| E|CS|TAMS 0x0000000089800000, 0x0000000089900000| Complete 
| 133|0x0000000089900000, 0x0000000089a00000, 0x0000000089a00000|100%| E|CS|TAMS 0x0000000089900000, 0x0000000089a00000| Complete 
| 134|0x0000000089a00000, 0x0000000089b00000, 0x0000000089b00000|100%| E|CS|TAMS 0x0000000089a00000, 0x0000000089b00000| Complete 
| 135|0x0000000089b00000, 0x0000000089c00000, 0x0000000089c00000|100%| E|CS|TAMS 0x0000000089b00000, 0x0000000089c00000| Complete 
| 136|0x0000000089c00000, 0x0000000089d00000, 0x0000000089d00000|100%| E|CS|TAMS 0x0000000089c00000, 0x0000000089d00000| Complete 
| 137|0x0000000089d00000, 0x0000000089e00000, 0x0000000089e00000|100%| E|CS|TAMS 0x0000000089d00000, 0x0000000089e00000| Complete 
| 138|0x0000000089e00000, 0x0000000089f00000, 0x0000000089f00000|100%| E|CS|TAMS 0x0000000089e00000, 0x0000000089f00000| Complete 
| 139|0x0000000089f00000, 0x000000008a000000, 0x000000008a000000|100%| E|CS|TAMS 0x0000000089f00000, 0x000000008a000000| Complete 
| 140|0x000000008a000000, 0x000000008a100000, 0x000000008a100000|100%| E|CS|TAMS 0x000000008a000000, 0x000000008a100000| Complete 
| 141|0x000000008a100000, 0x000000008a200000, 0x000000008a200000|100%| E|CS|TAMS 0x000000008a100000, 0x000000008a200000| Complete 
| 142|0x000000008a200000, 0x000000008a300000, 0x000000008a300000|100%| E|CS|TAMS 0x000000008a200000, 0x000000008a300000| Complete 
| 143|0x000000008a300000, 0x000000008a400000, 0x000000008a400000|100%| E|CS|TAMS 0x000000008a300000, 0x000000008a400000| Complete 
| 144|0x000000008a400000, 0x000000008a500000, 0x000000008a500000|100%| E|CS|TAMS 0x000000008a400000, 0x000000008a500000| Complete 
| 145|0x000000008a500000, 0x000000008a600000, 0x000000008a600000|100%| E|CS|TAMS 0x000000008a500000, 0x000000008a600000| Complete 
| 146|0x000000008a600000, 0x000000008a700000, 0x000000008a700000|100%| E|CS|TAMS 0x000000008a600000, 0x000000008a700000| Complete 
| 147|0x000000008a700000, 0x000000008a800000, 0x000000008a800000|100%| E|CS|TAMS 0x000000008a700000, 0x000000008a800000| Complete 
| 148|0x000000008a800000, 0x000000008a900000, 0x000000008a900000|100%| E|CS|TAMS 0x000000008a800000, 0x000000008a900000| Complete 
| 149|0x000000008a900000, 0x000000008aa00000, 0x000000008aa00000|100%| E|CS|TAMS 0x000000008a900000, 0x000000008aa00000| Complete 
| 150|0x000000008aa00000, 0x000000008ab00000, 0x000000008ab00000|100%| E|CS|TAMS 0x000000008aa00000, 0x000000008ab00000| Complete 
| 151|0x000000008ab00000, 0x000000008ac00000, 0x000000008ac00000|100%| E|CS|TAMS 0x000000008ab00000, 0x000000008ac00000| Complete 
| 152|0x000000008ac00000, 0x000000008ad00000, 0x000000008ad00000|100%| E|CS|TAMS 0x000000008ac00000, 0x000000008ad00000| Complete 
| 153|0x000000008ad00000, 0x000000008ae00000, 0x000000008ae00000|100%| E|CS|TAMS 0x000000008ad00000, 0x000000008ae00000| Complete 

Card table byte_map: [0x0000012a2f840000,0x0000012a2fc40000] _byte_map_base: 0x0000012a2f436000

Marking Bits (Prev, Next): (CMBitMap*) 0x0000012a1c3c7610, (CMBitMap*) 0x0000012a1c3c75d8
 Prev Bits: [0x0000012a31ff0000, 0x0000012a33fa0000)
 Next Bits: [0x0000012a30040000, 0x0000012a31ff0000)

Polling page: 0x0000012a1a140000

Metaspace:

Usage:
  Non-class:     29.78 MB capacity,    28.96 MB ( 97%) used,   695.25 KB (  2%) free+waste,   149.81 KB ( <1%) overhead. 
      Class:      5.12 MB capacity,     4.59 MB ( 90%) used,   464.31 KB (  9%) free+waste,    76.13 KB (  1%) overhead. 
       Both:     34.90 MB capacity,    33.55 MB ( 96%) used,     1.13 MB (  3%) free+waste,   225.94 KB ( <1%) overhead. 

Virtual space:
  Non-class space:       30.00 MB reserved,      29.92 MB (>99%) committed 
      Class space:        1.00 GB reserved,       5.13 MB ( <1%) committed 
             Both:        1.03 GB reserved,      35.05 MB (  3%) committed 

Chunk freelists:
   Non-Class:  14.00 KB
       Class:  8.00 KB
        Both:  22.00 KB

MaxMetaspaceSize: 17179869184.00 GB
CompressedClassSpaceSize: 1.00 GB

CodeHeap 'non-profiled nmethods': size=238912Kb used=6564Kb max_used=6564Kb free=232347Kb
 bounds [0x0000012a20af0000, 0x0000012a21160000, 0x0000012a2f440000]
CodeHeap 'non-nmethods': size=6848Kb used=1197Kb max_used=1197Kb free=5651Kb
 bounds [0x0000012a20440000, 0x0000012a206b0000, 0x0000012a20af0000]
 total_blobs=4741 nmethods=3933 adapters=461
 compilation: enabled
              stopped_count=0, restarted_count=0
 full_count=0

Compilation events (20 events):
Event: 7.210 Thread 0x0000012a3647a000 nmethod 3922 0x0000012a21156610 code [0x0000012a211567e0, 0x0000012a211569a0]
Event: 7.216 Thread 0x0000012a3647a000 3925       1       org.springframework.beans.GenericTypeAwarePropertyDescriptor::getReadMethod (5 bytes)
Event: 7.216 Thread 0x0000012a3647a000 nmethod 3925 0x0000012a21156a90 code [0x0000012a21156c40, 0x0000012a21156d78]
Event: 7.216 Thread 0x0000012a3647a000 3926       1       org.springframework.core.io.ResourceEditor::<init> (8 bytes)
Event: 7.217 Thread 0x0000012a3647a000 nmethod 3926 0x0000012a21156e10 code [0x0000012a21156fe0, 0x0000012a21157310]
Event: 7.217 Thread 0x0000012a3647a000 3928       1       java.util.regex.ASCII::isType (15 bytes)
Event: 7.217 Thread 0x0000012a3647a000 nmethod 3928 0x0000012a21157410 code [0x0000012a211575c0, 0x0000012a21157718]
Event: 7.217 Thread 0x0000012a3647a000 3929       1       java.util.regex.ASCII::getType (17 bytes)
Event: 7.217 Thread 0x0000012a3647a000 nmethod 3929 0x0000012a21157810 code [0x0000012a211579c0, 0x0000012a21157b18]
Event: 7.217 Thread 0x0000012a3647a000 3930       1       java.util.regex.CharPredicates$$Lambda$569/0x000000084035d440::is (5 bytes)
Event: 7.217 Thread 0x0000012a3647a000 nmethod 3930 0x0000012a21157c10 code [0x0000012a21157dc0, 0x0000012a21157f98]
Event: 7.217 Thread 0x0000012a3647a000 3931       1       java.util.regex.CharPredicates::lambda$ASCII_SPACE$17 (20 bytes)
Event: 7.218 Thread 0x0000012a3647a000 nmethod 3931 0x0000012a21158090 code [0x0000012a21158240, 0x0000012a211583d8]
Event: 7.218 Thread 0x0000012a3647a000 3933       1       java.util.regex.ASCII::isSpace (8 bytes)
Event: 7.218 Thread 0x0000012a3647a000 nmethod 3933 0x0000012a21158510 code [0x0000012a211586c0, 0x0000012a21158818]
Event: 7.218 Thread 0x0000012a3647a000 3934       1       java.util.regex.Matcher::start (22 bytes)
Event: 7.218 Thread 0x0000012a3647a000 nmethod 3934 0x0000012a21158910 code [0x0000012a21158ac0, 0x0000012a21158cd0]
Event: 7.218 Thread 0x0000012a3647a000 3927       1       org.springframework.core.io.ResourceEditor::<init> (26 bytes)
Event: 7.218 Thread 0x0000012a3647a000 nmethod 3927 0x0000012a21158d90 code [0x0000012a21158f60, 0x0000012a211592b0]
Event: 7.218 Thread 0x0000012a3647a000 3932       1       org.springframework.beans.factory.config.DependencyDescriptor::isEager (5 bytes)

GC Heap History (15 events):
Event: 1.678 GC heap before
{Heap before GC invocations=0 (full 0):
 garbage-first heap   total 131072K, used 15360K [0x0000000081400000, 0x0000000100000000)
  region size 1024K, 14 young (14336K), 0 survivors (0K)
 Metaspace       used 5409K, capacity 5726K, committed 6016K, reserved 1056768K
  class space    used 663K, capacity 770K, committed 896K, reserved 1048576K
}
Event: 1.688 GC heap after
{Heap after GC invocations=1 (full 0):
 garbage-first heap   total 131072K, used 6675K [0x0000000081400000, 0x0000000100000000)
  region size 1024K, 2 young (2048K), 2 survivors (2048K)
 Metaspace       used 5409K, capacity 5726K, committed 6016K, reserved 1056768K
  class space    used 663K, capacity 770K, committed 896K, reserved 1048576K
}
Event: 1.940 GC heap before
{Heap before GC invocations=1 (full 0):
 garbage-first heap   total 131072K, used 16915K [0x0000000081400000, 0x0000000100000000)
  region size 1024K, 12 young (12288K), 2 survivors (2048K)
 Metaspace       used 6959K, capacity 7338K, committed 7424K, reserved 1056768K
  class space    used 872K, capacity 988K, committed 1024K, reserved 1048576K
}
Event: 1.952 GC heap after
{Heap after GC invocations=2 (full 0):
 garbage-first heap   total 131072K, used 7306K [0x0000000081400000, 0x0000000100000000)
  region size 1024K, 1 young (1024K), 1 survivors (1024K)
 Metaspace       used 6959K, capacity 7338K, committed 7424K, reserved 1056768K
  class space    used 872K, capacity 988K, committed 1024K, reserved 1048576K
}
Event: 2.346 GC heap before
{Heap before GC invocations=2 (full 0):
 garbage-first heap   total 131072K, used 29834K [0x0000000081400000, 0x0000000100000000)
  region size 1024K, 24 young (24576K), 1 survivors (1024K)
 Metaspace       used 11101K, capacity 11678K, committed 12032K, reserved 1058816K
  class space    used 1437K, capacity 1665K, committed 1792K, reserved 1048576K
}
Event: 2.349 GC heap after
{Heap after GC invocations=3 (full 0):
 garbage-first heap   total 131072K, used 8362K [0x0000000081400000, 0x0000000100000000)
  region size 1024K, 2 young (2048K), 2 survivors (2048K)
 Metaspace       used 11101K, capacity 11678K, committed 12032K, reserved 1058816K
  class space    used 1437K, capacity 1665K, committed 1792K, reserved 1048576K
}
Event: 3.424 GC heap before
{Heap before GC invocations=3 (full 0):
 garbage-first heap   total 131072K, used 44202K [0x0000000081400000, 0x0000000100000000)
  region size 1024K, 38 young (38912K), 2 survivors (2048K)
 Metaspace       used 15301K, capacity 16032K, committed 16256K, reserved 1062912K
  class space    used 2063K, capacity 2363K, committed 2432K, reserved 1048576K
}
Event: 3.431 GC heap after
{Heap after GC invocations=4 (full 0):
 garbage-first heap   total 131072K, used 9911K [0x0000000081400000, 0x0000000100000000)
  region size 1024K, 4 young (4096K), 4 survivors (4096K)
 Metaspace       used 15301K, capacity 16032K, committed 16256K, reserved 1062912K
  class space    used 2063K, capacity 2363K, committed 2432K, reserved 1048576K
}
Event: 3.943 GC heap before
{Heap before GC invocations=4 (full 0):
 garbage-first heap   total 131072K, used 63159K [0x0000000081400000, 0x0000000100000000)
  region size 1024K, 57 young (58368K), 4 survivors (4096K)
 Metaspace       used 16317K, capacity 17150K, committed 17408K, reserved 1064960K
  class space    used 2187K, capacity 2520K, committed 2560K, reserved 1048576K
}
Event: 3.952 GC heap after
{Heap after GC invocations=5 (full 0):
 garbage-first heap   total 131072K, used 10926K [0x0000000081400000, 0x0000000100000000)
  region size 1024K, 5 young (5120K), 5 survivors (5120K)
 Metaspace       used 16317K, capacity 17150K, committed 17408K, reserved 1064960K
  class space    used 2187K, capacity 2520K, committed 2560K, reserved 1048576K
}
Event: 4.822 GC heap before
{Heap before GC invocations=5 (full 0):
 garbage-first heap   total 131072K, used 71342K [0x0000000081400000, 0x0000000100000000)
  region size 1024K, 65 young (66560K), 5 survivors (5120K)
 Metaspace       used 20232K, capacity 21224K, committed 21296K, reserved 1067008K
  class space    used 2746K, capacity 3183K, committed 3200K, reserved 1048576K
}
Event: 4.836 GC heap after
{Heap after GC invocations=6 (full 0):
 garbage-first heap   total 157696K, used 12529K [0x0000000081400000, 0x0000000100000000)
  region size 1024K, 6 young (6144K), 6 survivors (6144K)
 Metaspace       used 20232K, capacity 21224K, committed 21296K, reserved 1067008K
  class space    used 2746K, capacity 3183K, committed 3200K, reserved 1048576K
}
Event: 5.863 GC heap before
{Heap before GC invocations=7 (full 0):
 garbage-first heap   total 157696K, used 99569K [0x0000000081400000, 0x0000000100000000)
  region size 1024K, 92 young (94208K), 6 survivors (6144K)
 Metaspace       used 26601K, capacity 27806K, committed 28080K, reserved 1073152K
  class space    used 3544K, capacity 4015K, committed 4096K, reserved 1048576K
}
Event: 5.882 GC heap after
{Heap after GC invocations=8 (full 0):
 garbage-first heap   total 157696K, used 15629K [0x0000000081400000, 0x0000000100000000)
  region size 1024K, 9 young (9216K), 9 survivors (9216K)
 Metaspace       used 26601K, capacity 27806K, committed 28080K, reserved 1073152K
  class space    used 3544K, capacity 4015K, committed 4096K, reserved 1048576K
}
Event: 7.219 GC heap before
{Heap before GC invocations=8 (full 0):
 garbage-first heap   total 157696K, used 76045K [0x0000000081400000, 0x0000000100000000)
  region size 1024K, 70 young (71680K), 9 survivors (9216K)
 Metaspace       used 34352K, capacity 35738K, committed 35888K, reserved 1079296K
  class space    used 4699K, capacity 5240K, committed 5248K, reserved 1048576K
}

Deoptimization events (6 events):
Event: 4.501 Thread 0x0000012a1c387000 DEOPT PACKING pc=0x0000012a20dfb4b4 sp=0x000000294d1fd8e0
Event: 4.501 Thread 0x0000012a1c387000 DEOPT UNPACKING pc=0x0000012a2046904e sp=0x000000294d1fce48 mode 0
Event: 6.864 Thread 0x0000012a1c387000 DEOPT PACKING pc=0x0000012a20e11a7f sp=0x000000294d1fdd20
Event: 6.864 Thread 0x0000012a1c387000 DEOPT UNPACKING pc=0x0000012a2046904e sp=0x000000294d1fd228 mode 3
Event: 6.866 Thread 0x0000012a1c387000 DEOPT PACKING pc=0x0000012a20e04af1 sp=0x000000294d1fdcf0
Event: 6.866 Thread 0x0000012a1c387000 DEOPT UNPACKING pc=0x0000012a2046904e sp=0x000000294d1fd228 mode 3

Classes redefined (0 events):
No events

Internal exceptions (20 events):
Event: 5.954 Thread 0x0000012a1c387000 Exception <a 'java/lang/ClassNotFoundException'{0x000000008a90dec8}: org/springframework/beans/factory/AwareCustomizer> (0x000000008a90dec8) thrown at [c:/BuildAgent/work/5ff2f6c26000d570/src/hotspot/share/classfile/systemDictionary.cpp, line 231]
Event: 6.046 Thread 0x0000012a3743f000 Exception <a 'java/lang/reflect/InvocationTargetException'{0x000000008a789c00}> (0x000000008a789c00) thrown at [c:/BuildAgent/work/5ff2f6c26000d570/src/hotspot/share/runtime/reflection.cpp, line 1246]
Event: 6.733 Thread 0x0000012a1c387000 Exception <a 'java/lang/NoSuchMethodError'{0x00000000888cfec0}: 'java.lang.Object java.lang.invoke.DirectMethodHandle$Holder.invokeInterface(java.lang.Object, java.lang.Object, java.lang.Object)'> (0x00000000888cfec0) thrown at [c:/BuildAgent/work/5ff2f6c
Event: 6.734 Thread 0x0000012a1c387000 Exception <a 'java/lang/IncompatibleClassChangeError'{0x00000000888d2e48}: Found class java.lang.Object, but interface was expected> (0x00000000888d2e48) thrown at [c:/BuildAgent/work/5ff2f6c26000d570/src/hotspot/share/interpreter/linkResolver.cpp, line 8
Event: 6.818 Thread 0x0000012a1c387000 Exception <a 'java/lang/NoSuchMethodError'{0x000000008843dc58}: 'int java.lang.invoke.DirectMethodHandle$Holder.invokeStaticInit(java.lang.Object, java.lang.Object, java.lang.Object, java.lang.Object)'> (0x000000008843dc58) thrown at [c:/BuildAgent/work/5
Event: 7.186 Thread 0x0000012a1c387000 Exception <a 'java/lang/ClassNotFoundException'{0x000000008744ffb8}: java/lang/ObjectCustomizer> (0x000000008744ffb8) thrown at [c:/BuildAgent/work/5ff2f6c26000d570/src/hotspot/share/classfile/systemDictionary.cpp, line 231]
Event: 7.187 Thread 0x0000012a1c387000 Exception <a 'java/lang/ClassNotFoundException'{0x0000000087464510}: org/springframework/data/repository/core/support/RepositoryFactoryBeanSupportCustomizer> (0x0000000087464510) thrown at [c:/BuildAgent/work/5ff2f6c26000d570/src/hotspot/share/classfile/s
Event: 7.196 Thread 0x0000012a1c387000 Exception <a 'java/lang/ClassNotFoundException'{0x00000000874a67b0}: org/springframework/data/repository/core/support/TransactionalRepositoryFactoryBeanSupportCustomizer> (0x00000000874a67b0) thrown at [c:/BuildAgent/work/5ff2f6c26000d570/src/hotspot/shar
Event: 7.198 Thread 0x0000012a1c387000 Exception <a 'java/lang/ClassNotFoundException'{0x000000008726eca8}: org/springframework/data/jpa/repository/support/JpaRepositoryFactoryBeanCustomizer> (0x000000008726eca8) thrown at [c:/BuildAgent/work/5ff2f6c26000d570/src/hotspot/share/classfile/system
Event: 7.202 Thread 0x0000012a1c387000 Exception <a 'java/lang/ClassNotFoundException'{0x00000000872a74f0}: org/springframework/beans/factory/BeanFactoryAwareCustomizer> (0x00000000872a74f0) thrown at [c:/BuildAgent/work/5ff2f6c26000d570/src/hotspot/share/classfile/systemDictionary.cpp, line 2
Event: 7.203 Thread 0x0000012a1c387000 Exception <a 'java/lang/ClassNotFoundException'{0x00000000872b5638}: org/springframework/beans/factory/AwareCustomizer> (0x00000000872b5638) thrown at [c:/BuildAgent/work/5ff2f6c26000d570/src/hotspot/share/classfile/systemDictionary.cpp, line 231]
Event: 7.204 Thread 0x0000012a1c387000 Exception <a 'java/lang/ClassNotFoundException'{0x00000000872c3a78}: org/springframework/beans/factory/InitializingBeanCustomizer> (0x00000000872c3a78) thrown at [c:/BuildAgent/work/5ff2f6c26000d570/src/hotspot/share/classfile/systemDictionary.cpp, line 2
Event: 7.205 Thread 0x0000012a1c387000 Exception <a 'java/lang/ClassNotFoundException'{0x00000000872d5998}: org/springframework/data/repository/core/support/RepositoryFactoryInformationCustomizer> (0x00000000872d5998) thrown at [c:/BuildAgent/work/5ff2f6c26000d570/src/hotspot/share/classfile/s
Event: 7.206 Thread 0x0000012a1c387000 Exception <a 'java/lang/ClassNotFoundException'{0x00000000872e9e28}: org/springframework/beans/factory/FactoryBeanCustomizer> (0x00000000872e9e28) thrown at [c:/BuildAgent/work/5ff2f6c26000d570/src/hotspot/share/classfile/systemDictionary.cpp, line 231]
Event: 7.207 Thread 0x0000012a1c387000 Exception <a 'java/lang/ClassNotFoundException'{0x000000008717ca28}: org/springframework/beans/factory/BeanClassLoaderAwareCustomizer> (0x000000008717ca28) thrown at [c:/BuildAgent/work/5ff2f6c26000d570/src/hotspot/share/classfile/systemDictionary.cpp, li
Event: 7.208 Thread 0x0000012a1c387000 Exception <a 'java/lang/ClassNotFoundException'{0x000000008718a670}: org/springframework/beans/factory/AwareCustomizer> (0x000000008718a670) thrown at [c:/BuildAgent/work/5ff2f6c26000d570/src/hotspot/share/classfile/systemDictionary.cpp, line 231]
Event: 7.210 Thread 0x0000012a1c387000 Exception <a 'java/lang/ClassNotFoundException'{0x0000000087198a48}: org/springframework/beans/factory/BeanFactoryAwareCustomizer> (0x0000000087198a48) thrown at [c:/BuildAgent/work/5ff2f6c26000d570/src/hotspot/share/classfile/systemDictionary.cpp, line 2
Event: 7.211 Thread 0x0000012a1c387000 Exception <a 'java/lang/ClassNotFoundException'{0x00000000871a6b90}: org/springframework/beans/factory/AwareCustomizer> (0x00000000871a6b90) thrown at [c:/BuildAgent/work/5ff2f6c26000d570/src/hotspot/share/classfile/systemDictionary.cpp, line 231]
Event: 7.211 Thread 0x0000012a1c387000 Exception <a 'java/lang/ClassNotFoundException'{0x00000000871b5d68}: org/springframework/context/ApplicationEventPublisherAwareCustomizer> (0x00000000871b5d68) thrown at [c:/BuildAgent/work/5ff2f6c26000d570/src/hotspot/share/classfile/systemDictionary.cpp
Event: 7.212 Thread 0x0000012a1c387000 Exception <a 'java/lang/ClassNotFoundException'{0x00000000871c4108}: org/springframework/beans/factory/AwareCustomizer> (0x00000000871c4108) thrown at [c:/BuildAgent/work/5ff2f6c26000d570/src/hotspot/share/classfile/systemDictionary.cpp, line 231]

Events (20 events):
Event: 7.212 loading class org/springframework/beans/factory/AwareCustomizer done
Event: 7.212 loading class org/springframework/orm/jpa/support/PersistenceAnnotationBeanPostProcessor$PersistenceElement
Event: 7.212 loading class org/springframework/orm/jpa/support/PersistenceAnnotationBeanPostProcessor$PersistenceElement done
Event: 7.213 loading class org/springframework/data/repository/core/support/RepositoryProxyPostProcessor
Event: 7.213 loading class org/springframework/data/repository/core/support/RepositoryProxyPostProcessor done
Event: 7.215 loading class org/postgresql/util/JdbcBlackHole
Event: 7.215 loading class org/postgresql/util/JdbcBlackHole done
Event: 7.216 loading class org/hibernate/boot/model/source/internal/hbm/CommaSeparatedStringHelper
Event: 7.216 loading class org/hibernate/boot/model/source/internal/hbm/CommaSeparatedStringHelper done
Event: 7.216 loading class java/util/regex/Pattern$1MatcherIterator
Event: 7.216 loading class java/util/regex/Pattern$1MatcherIterator done
Event: 7.216 loading class org/springframework/data/querydsl/EntityPathResolver
Event: 7.216 loading class org/springframework/data/querydsl/EntityPathResolver done
Event: 7.216 loading class org/springframework/data/querydsl/EntityPathResolver
Event: 7.216 loading class org/springframework/data/querydsl/EntityPathResolver done
Event: 7.217 loading class org/springframework/data/querydsl/SimpleEntityPathResolver
Event: 7.217 loading class org/springframework/data/querydsl/SimpleEntityPathResolver done
Event: 7.218 loading class org/hibernate/engine/jdbc/env/spi/AnsiSqlKeywords
Event: 7.218 loading class org/hibernate/engine/jdbc/env/spi/AnsiSqlKeywords done
Event: 7.218 Executing VM operation: CollectForMetadataAllocation


Dynamic libraries:
0x00007ff6163b0000 - 0x00007ff6163ba000 	E:\Intellij Idea Ultimate\IntelliJ IDEA 2019.3.3\jbr\bin\java.exe
0x00007fff9f2a0000 - 0x00007fff9f490000 	C:\WINDOWS\SYSTEM32\ntdll.dll
0x00007fff9dd10000 - 0x00007fff9ddc2000 	C:\WINDOWS\System32\KERNEL32.DLL
0x00007fff9c4d0000 - 0x00007fff9c774000 	C:\WINDOWS\System32\KERNELBASE.dll
0x00007fff9c230000 - 0x00007fff9c32a000 	C:\WINDOWS\System32\ucrtbase.dll
0x00007fff94d60000 - 0x00007fff94d79000 	E:\Intellij Idea Ultimate\IntelliJ IDEA 2019.3.3\jbr\bin\jli.dll
0x00007fff9d350000 - 0x00007fff9d4e4000 	C:\WINDOWS\System32\USER32.dll
0x00007fff9d1c0000 - 0x00007fff9d1e1000 	C:\WINDOWS\System32\win32u.dll
0x00007fff9e850000 - 0x00007fff9e876000 	C:\WINDOWS\System32\GDI32.dll
0x00007fff9c330000 - 0x00007fff9c4c5000 	C:\WINDOWS\System32\gdi32full.dll
0x00007fff9c780000 - 0x00007fff9c81e000 	C:\WINDOWS\System32\msvcp_win.dll
0x00007fff94d40000 - 0x00007fff94d57000 	E:\Intellij Idea Ultimate\IntelliJ IDEA 2019.3.3\jbr\bin\VCRUNTIME140.dll
0x00007fff9b900000 - 0x00007fff9bb84000 	C:\WINDOWS\WinSxS\amd64_microsoft.windows.common-controls_6595b64144ccf1df_6.0.18362.900_none_e6beb9d913147d17\COMCTL32.dll
0x00007fff9dbe0000 - 0x00007fff9dc7e000 	C:\WINDOWS\System32\msvcrt.dll
0x00007fff9ef20000 - 0x00007fff9f255000 	C:\WINDOWS\System32\combase.dll
0x00007fff9d4f0000 - 0x00007fff9d610000 	C:\WINDOWS\System32\RPCRT4.dll
0x00007fff9d250000 - 0x00007fff9d2d0000 	C:\WINDOWS\System32\bcryptPrimitives.dll
0x00007fff9db00000 - 0x00007fff9db2e000 	C:\WINDOWS\System32\IMM32.DLL
0x00007fff8f2d0000 - 0x00007fff8f36d000 	E:\Intellij Idea Ultimate\IntelliJ IDEA 2019.3.3\jbr\bin\msvcp140.dll
0x00007fff5bdc0000 - 0x00007fff5c87b000 	E:\Intellij Idea Ultimate\IntelliJ IDEA 2019.3.3\jbr\bin\server\jvm.dll
0x00007fff9db30000 - 0x00007fff9dbd3000 	C:\WINDOWS\System32\ADVAPI32.dll
0x00007fff9d610000 - 0x00007fff9d6a7000 	C:\WINDOWS\System32\sechost.dll
0x00007fff9e6a0000 - 0x00007fff9e6a8000 	C:\WINDOWS\System32\PSAPI.DLL
0x00007fff88a00000 - 0x00007fff88a09000 	C:\WINDOWS\SYSTEM32\WSOCK32.dll
0x00007fff9df20000 - 0x00007fff9df8f000 	C:\WINDOWS\System32\WS2_32.dll
0x00007fff99400000 - 0x00007fff99424000 	C:\WINDOWS\SYSTEM32\WINMM.dll
0x00007fff94de0000 - 0x00007fff94dea000 	C:\WINDOWS\SYSTEM32\VERSION.dll
0x00007fff993d0000 - 0x00007fff993fd000 	C:\WINDOWS\SYSTEM32\WINMMBASE.dll
0x00007fff9d2d0000 - 0x00007fff9d31a000 	C:\WINDOWS\System32\cfgmgr32.dll
0x00007fff9c170000 - 0x00007fff9c181000 	C:\WINDOWS\System32\kernel.appcore.dll
0x00007fff94da0000 - 0x00007fff94db1000 	E:\Intellij Idea Ultimate\IntelliJ IDEA 2019.3.3\jbr\bin\verify.dll
0x00007fff9bc40000 - 0x00007fff9be34000 	C:\WINDOWS\SYSTEM32\DBGHELP.DLL
0x00007fff9bb90000 - 0x00007fff9bbba000 	C:\WINDOWS\SYSTEM32\dbgcore.DLL
0x00007fff94720000 - 0x00007fff94749000 	E:\Intellij Idea Ultimate\IntelliJ IDEA 2019.3.3\jbr\bin\java.dll
0x00007fff94d80000 - 0x00007fff94d8f000 	E:\Intellij Idea Ultimate\IntelliJ IDEA 2019.3.3\jbr\bin\instrument.dll
0x00007fff94a60000 - 0x00007fff94a77000 	E:\Intellij Idea Ultimate\IntelliJ IDEA 2019.3.3\jbr\bin\zip.dll
0x00007fff995d0000 - 0x00007fff995db000 	E:\Intellij Idea Ultimate\IntelliJ IDEA 2019.3.3\jbr\bin\jimage.dll
0x00007fff9dfb0000 - 0x00007fff9e696000 	C:\WINDOWS\System32\SHELL32.dll
0x00007fff9d9a0000 - 0x00007fff9da49000 	C:\WINDOWS\System32\shcore.dll
0x00007fff9c820000 - 0x00007fff9cfa0000 	C:\WINDOWS\System32\windows.storage.dll
0x00007fff9c1e0000 - 0x00007fff9c203000 	C:\WINDOWS\System32\profapi.dll
0x00007fff9c190000 - 0x00007fff9c1da000 	C:\WINDOWS\System32\powrprof.dll
0x00007fff9c160000 - 0x00007fff9c170000 	C:\WINDOWS\System32\UMPDC.dll
0x00007fff9eec0000 - 0x00007fff9ef12000 	C:\WINDOWS\System32\shlwapi.dll
0x00007fff9cfa0000 - 0x00007fff9cfb7000 	C:\WINDOWS\System32\cryptsp.dll
0x00007fff94700000 - 0x00007fff9471a000 	E:\Intellij Idea Ultimate\IntelliJ IDEA 2019.3.3\jbr\bin\net.dll
0x00007fff8cd20000 - 0x00007fff8ce10000 	C:\WINDOWS\SYSTEM32\WINHTTP.dll
0x00007fff9b2f0000 - 0x00007fff9b357000 	C:\WINDOWS\system32\mswsock.dll
0x00007fff92010000 - 0x00007fff92024000 	E:\Intellij Idea Ultimate\IntelliJ IDEA 2019.3.3\jbr\bin\nio.dll
0x00007fff8f6c0000 - 0x00007fff8f6da000 	E:\Intellij Idea Ultimate\IntelliJ IDEA 2019.3.3\bin\breakgen64.dll
0x00007fff9b040000 - 0x00007fff9b10b000 	C:\WINDOWS\SYSTEM32\DNSAPI.dll
0x00007fff9dd00000 - 0x00007fff9dd08000 	C:\WINDOWS\System32\NSI.dll
0x00007fff9b000000 - 0x00007fff9b03a000 	C:\WINDOWS\SYSTEM32\IPHLPAPI.DLL
0x00007fff8c4d0000 - 0x00007fff8c4da000 	C:\Windows\System32\rasadhlp.dll
0x00007fff91720000 - 0x00007fff91797000 	C:\WINDOWS\System32\fwpuclnt.dll
0x00007fff9d320000 - 0x00007fff9d346000 	C:\WINDOWS\System32\bcrypt.dll
0x00007fff97f50000 - 0x00007fff97f5a000 	E:\Intellij Idea Ultimate\IntelliJ IDEA 2019.3.3\jbr\bin\management.dll
0x00007fff97ad0000 - 0x00007fff97adc000 	E:\Intellij Idea Ultimate\IntelliJ IDEA 2019.3.3\jbr\bin\management_ext.dll
0x00007fff9ae60000 - 0x00007fff9ae93000 	C:\WINDOWS\system32\rsaenh.dll
0x00007fff9c080000 - 0x00007fff9c0a5000 	C:\WINDOWS\SYSTEM32\USERENV.dll
0x00007fff9b4c0000 - 0x00007fff9b4cc000 	C:\WINDOWS\SYSTEM32\CRYPTBASE.dll
0x00007fff93f30000 - 0x00007fff93f46000 	C:\WINDOWS\SYSTEM32\dhcpcsvc6.DLL
0x00007fff93ec0000 - 0x00007fff93edc000 	C:\WINDOWS\SYSTEM32\dhcpcsvc.DLL
0x00007fff86760000 - 0x00007fff86776000 	C:\WINDOWS\system32\napinsp.dll
0x00007fff86240000 - 0x00007fff8625a000 	C:\WINDOWS\system32\pnrpnsp.dll
0x00007fff91b90000 - 0x00007fff91b9e000 	C:\WINDOWS\System32\winrnr.dll
0x00007fff97c60000 - 0x00007fff97c7c000 	C:\WINDOWS\system32\NLAapi.dll
0x00007fff96490000 - 0x00007fff964a5000 	C:\WINDOWS\system32\wshbth.dll

dbghelp: loaded successfully - version: 4.0.5 - missing functions: none
symbol engine: initialized successfully - sym options: 0x614 - pdb path: .;E:\Intellij Idea Ultimate\IntelliJ IDEA 2019.3.3\jbr\bin;C:\WINDOWS\SYSTEM32;C:\WINDOWS\WinSxS\amd64_microsoft.windows.common-controls_6595b64144ccf1df_6.0.18362.900_none_e6beb9d913147d17;E:\Intellij Idea Ultimate\IntelliJ IDEA 2019.3.3\jbr\bin\server;E:\Intellij Idea Ultimate\IntelliJ IDEA 2019.3.3\bin

VM Arguments:
jvm_args: -XX:TieredStopAtLevel=1 -Xverify:none -Dspring.output.ansi.enabled=always -Dcom.sun.management.jmxremote -Dspring.jmx.enabled=true -Dspring.liveBeansView.mbeanDomain -Dspring.application.admin.enabled=true -javaagent:E:\Intellij Idea Ultimate\IntelliJ IDEA 2019.3.3\lib\idea_rt.jar=62647:E:\Intellij Idea Ultimate\IntelliJ IDEA 2019.3.3\bin -Dfile.encoding=UTF-8 
java_command: com.simple.HotelApp.HotelAppApplication
java_class_path (initial): F:\HotelAPP\HotelApp\HotelApp\target\classes;C:\Users\Marcin\.m2\repository\com\h2database\h2\1.4.199\h2-1.4.199.jar;C:\Users\Marcin\.m2\repository\org\springframework\boot\spring-boot-starter-web\2.3.1.RELEASE\spring-boot-starter-web-2.3.1.RELEASE.jar;C:\Users\Marcin\.m2\repository\org\springframework\boot\spring-boot-starter\2.3.1.RELEASE\spring-boot-starter-2.3.1.RELEASE.jar;C:\Users\Marcin\.m2\repository\org\springframework\boot\spring-boot\2.3.1.RELEASE\spring-boot-2.3.1.RELEASE.jar;C:\Users\Marcin\.m2\repository\org\springframework\boot\spring-boot-autoconfigure\2.3.1.RELEASE\spring-boot-autoconfigure-2.3.1.RELEASE.jar;C:\Users\Marcin\.m2\repository\org\springframework\boot\spring-boot-starter-logging\2.3.1.RELEASE\spring-boot-starter-logging-2.3.1.RELEASE.jar;C:\Users\Marcin\.m2\repository\ch\qos\logback\logback-classic\1.2.3\logback-classic-1.2.3.jar;C:\Users\Marcin\.m2\repository\ch\qos\logback\logback-core\1.2.3\logback-core-1.2.3.jar;C:\Users\Marcin\.m2\repository\org\apache\logging\log4j\log4j-to-slf4j\2.13.3\log4j-to-slf4j-2.13.3.jar;C:\Users\Marcin\.m2\repository\org\apache\logging\log4j\log4j-api\2.13.3\log4j-api-2.13.3.jar;C:\Users\Marcin\.m2\repository\org\slf4j\jul-to-slf4j\1.7.30\jul-to-slf4j-1.7.30.jar;C:\Users\Marcin\.m2\repository\jakarta\annotation\jakarta.annotation-api\1.3.5\jakarta.annotation-api-1.3.5.jar;C:\Users\Marcin\.m2\repository\org\yaml\snakeyaml\1.26\snakeyaml-1.26.jar;C:\Users\Marcin\.m2\repository\org\springframework\boot\spring-boot-starter-json\2.3.1.RELEASE\spring-boot-starter-json-2.3.1.RELEASE.jar;C:\Users\Marcin\.m2\repository\com\fasterxml\jackson\core\jackson-databind\2.11.0\jackson-databind-2.11.0.jar;C:\Users\Marcin\.m2\repository\com\fasterxml\jackson\core\jackson-annotations\2.11.0\jackson-annotations-2.11.0.jar;C:\Users\Marcin\.m2\repository\com\fasterxml\jackson\core\jackson-core\2.11.0\jackson-core-2.11.0.jar;C:\Users\Marcin\.m2\repository\com\fasterxml\jackson\datatype\jackson-datatyp
Launcher Type: SUN_STANDARD

[Global flags]
     bool BytecodeVerificationLocal                = false                                     {product} {command line}
     bool BytecodeVerificationRemote               = false                                     {product} {command line}
     intx CICompilerCount                          = 3                                         {product} {ergonomic}
     uint ConcGCThreads                            = 1                                         {product} {ergonomic}
     uint G1ConcRefinementThreads                  = 4                                         {product} {ergonomic}
   size_t G1HeapRegionSize                         = 1048576                                   {product} {ergonomic}
    uintx GCDrainStackTargetSize                   = 64                                        {product} {ergonomic}
   size_t InitialHeapSize                          = 134217728                                 {product} {ergonomic}
     bool ManagementServer                         = true                                      {product} {command line}
   size_t MarkStackSize                            = 4194304                                   {product} {ergonomic}
   size_t MaxHeapSize                              = 2126512128                                {product} {ergonomic}
   size_t MaxNewSize                               = 1275068416                                {product} {ergonomic}
   size_t MinHeapDeltaBytes                        = 1048576                                   {product} {ergonomic}
    uintx NonNMethodCodeHeapSize                   = 6973028                                {pd product} {ergonomic}
    uintx NonProfiledCodeHeapSize                  = 244685212                              {pd product} {ergonomic}
    uintx ProfiledCodeHeapSize                     = 0                                      {pd product} {ergonomic}
    uintx ReservedCodeCacheSize                    = 251658240                              {pd product} {ergonomic}
     bool SegmentedCodeCache                       = true                                      {product} {ergonomic}
     intx TieredStopAtLevel                        = 1                                         {product} {command line}
     bool UseCompressedClassPointers               = true                                 {lp64_product} {ergonomic}
     bool UseCompressedOops                        = true                                 {lp64_product} {ergonomic}
     bool UseG1GC                                  = true                                      {product} {ergonomic}
     bool UseLargePagesIndividualAllocation        = false                                  {pd product} {ergonomic}

Logging:
Log output configuration:
 #0: stdout all=warning uptime,level,tags
 #1: stderr all=off uptime,level,tags

Environment Variables:
JAVA_HOME=E:\JDK 11
PATH=C:\Program Files\Haskell\bin;E:\Haskell\8.6.5\lib\extralibs\bin;E:\Haskell\8.6.5\bin;C:\Program Files (x86)\Common Files\Oracle\Java\javapath;C:\ProgramData\Oracle\Java\javapath;C:\WINDOWS\system32;C:\WINDOWS;C:\WINDOWS\System32\Wbem;C:\WINDOWS\System32\WindowsPowerShell\v1.0\;C:\WINDOWS\System32\OpenSSH\;F:\Mathlab\runtime\win64;F:\Mathlab\bin;C:\Program Files (x86)\NVIDIA Corporation\PhysX\Common;E:\Git\cmd;F:\Matlab_Crackd\runtime\win64;F:\Matlab_Crackd\bin;E:\Haskell\8.6.5\mingw\bin;F:\doxygen\bin;E:\HAXE\haxe\;E:\HAXE\neko;F:\Android studio android\platform-tools;F:\Android studio android\emulator;E:\Postgres 12\bin;E:\Postgres 12\lib;F:\Yarn\bin\;C:\WINDOWS\system32;C:\WINDOWS;C:\WINDOWS\System32\Wbem;C:\WINDOWS\System32\WindowsPowerShell\v1.0\;C:\WINDOWS\System32\OpenSSH\;E:\JDK 11\bin;E:\Programs\;C:\Program Files (x86)\GtkSharp\2.12\bin;C:\Program Files (x86)\Windows Live\Shared;E:\apache-maven-3.6.3-bin\apache-maven-3.6.3\bin;E:\Python\Scripts\;E:\Python\;C:\Users\Marcin\AppData\Roaming\cabal\bin;F:\Haskell STACK\bin;C:\Users\Marcin\AppData\Local\Microsoft\WindowsApps;E:\IntelliJ IDEA 2018.3.3\bin;;F:\Android studio android\platform-tools;F:\Android studio android\emulator;C:\Users\Marcin\AppData\Local\Yarn\bin;E:\Programs\TexLive\texlive\2019\bin\win32;C:\Users\Marcin\AppData\Roaming\npm
USERNAME=Marcin
OS=Windows_NT
PROCESSOR_IDENTIFIER=Intel64 Family 6 Model 61 Stepping 4, GenuineIntel



---------------  S Y S T E M  ---------------

OS: Windows 10 , 64 bit Build 18362 (10.0.18362.900)

CPU:total 4 (initial active 4) (2 cores per cpu, 2 threads per core) family 6 model 61 stepping 4, cmov, cx8, fxsr, mmx, sse, sse2, sse3, ssse3, sse4.1, sse4.2, popcnt, avx, avx2, aes, clmul, erms, 3dnowpref, lzcnt, ht, tsc, tscinvbit, bmi1, bmi2, adx, fma

Memory: 4k page, system-wide physical 8111M (923M free)
TotalPageFile size 13436M (AvailPageFile size 2459M)
current process WorkingSet (physical memory assigned to process): 211M, peak: 211M
current process commit charge ("private bytes"): 280M, peak: 280M

vm_info: OpenJDK 64-Bit Server VM (11.0.5+10-b520.38) for windows-amd64 JRE (11.0.5+10-b520.38), built on Jan 23 2020 07:58:32 by "" with MS VC++ 14.0 (VS2015)

END.
